08:37:22 Выбор пользователя
08:37:36 Ввод пароля
09:35:25 Ожидание старта прожига
09:36:21 Старт  Ноль = -49100
09:36:21 Отсыпка слоя c опусканием, текущая позиция стола -49100
09:36:30 Старт прожига
09:36:30 -49129 0 Прожиг
09:37:10 Отсыпка слоя c опусканием, текущая позиция стола -49130
09:37:18 Старт прожига
09:37:18 -49160 1 Прожиг
09:38:02 Отсыпка слоя c опусканием, текущая позиция стола -49160
09:38:10 Старт прожига
09:38:11 -49190 2 Прожиг
09:38:55 Отсыпка слоя c опусканием, текущая позиция стола -49190
09:39:03 Старт прожига
09:39:03 -49221 3 Прожиг
09:39:45 Отсыпка слоя c опусканием, текущая позиция стола -49220
09:39:53 Старт прожига
09:39:53 -49250 4 Прожиг
09:40:34 Отсыпка слоя c опусканием, текущая позиция стола -49250
09:40:43 Старт прожига
09:40:43 -49280 5 Прожиг
